{"/Users/osvaldomosso/Documents/GitHub/COSC-4353-Project/backend/config/dj.js": {"path":"/Users/osvaldomosso/Documents/GitHub/COSC-4353-Project/backend/config/dj.js","statementMap":{"0":{"start":{"line":1,"column":14},"end":{"line":1,"column":31}},"1":{"start":{"line":3,"column":11},"end":{"line":12,"column":2}},"2":{"start":{"line":14,"column":0},"end":{"line":20,"column":3}},"3":{"start":{"line":15,"column":4},"end":{"line":18,"column":5}},"4":{"start":{"line":16,"column":8},"end":{"line":16,"column":70}},"5":{"start":{"line":17,"column":8},"end":{"line":17,"column":15}},"6":{"start":{"line":19,"column":4},"end":{"line":19,"column":34}},"7":{"start":{"line":23,"column":0},"end":{"line":23,"column":20}}},"fnMap":{"0":{"name":"(anonymous_0)","decl":{"start":{"line":14,"column":11},"end":{"line":14,"column":12}},"loc":{"start":{"line":14,"column":20},"end":{"line":20,"column":1}},"line":14}},"branchMap":{"0":{"loc":{"start":{"line":15,"column":4},"end":{"line":18,"column":5}},"type":"if","locations":[{"start":{"line":15,"column":4},"end":{"line":18,"column":5}},{"start":{},"end":{}}],"line":15}},"s":{"0":1,"1":1,"2":1,"3":1,"4":0,"5":0,"6":1,"7":1},"f":{"0":1},"b":{"0":[0,1]},"_coverageSchema":"1a1c01bbd47fc00a2c39e90264f33305004495a9","hash":"dc96fc4f501ccae6497496928892e74c05ceb008"}
,"/Users/osvaldomosso/Documents/GitHub/COSC-4353-Project/backend/routes/createEvent.js": {"path":"/Users/osvaldomosso/Documents/GitHub/COSC-4353-Project/backend/routes/createEvent.js","statementMap":{"0":{"start":{"line":1,"column":16},"end":{"line":1,"column":34}},"1":{"start":{"line":2,"column":15},"end":{"line":2,"column":31}},"2":{"start":{"line":3,"column":14},"end":{"line":3,"column":30}},"3":{"start":{"line":4,"column":38},"end":{"line":4,"column":61}},"4":{"start":{"line":5,"column":46},"end":{"line":5,"column":72}},"5":{"start":{"line":6,"column":11},"end":{"line":6,"column":34}},"6":{"start":{"line":8,"column":0},"end":{"line":36,"column":3}},"7":{"start":{"line":9,"column":98},"end":{"line":9,"column":106}},"8":{"start":{"line":11,"column":24},"end":{"line":11,"column":62}},"9":{"start":{"line":13,"column":4},"end":{"line":35,"column":7}},"10":{"start":{"line":14,"column":8},"end":{"line":17,"column":9}},"11":{"start":{"line":15,"column":12},"end":{"line":15,"column":67}},"12":{"start":{"line":16,"column":12},"end":{"line":16,"column":84}},"13":{"start":{"line":18,"column":8},"end":{"line":20,"column":9}},"14":{"start":{"line":19,"column":12},"end":{"line":19,"column":73}},"15":{"start":{"line":22,"column":26},"end":{"line":23,"column":62}},"16":{"start":{"line":25,"column":8},"end":{"line":34,"column":11}},"17":{"start":{"line":26,"column":12},"end":{"line":29,"column":13}},"18":{"start":{"line":27,"column":16},"end":{"line":27,"column":65}},"19":{"start":{"line":28,"column":16},"end":{"line":28,"column":94}},"20":{"start":{"line":30,"column":12},"end":{"line":33,"column":15}},"21":{"start":{"line":120,"column":0},"end":{"line":120,"column":24}}},"fnMap":{"0":{"name":"(anonymous_0)","decl":{"start":{"line":8,"column":28},"end":{"line":8,"column":29}},"loc":{"start":{"line":8,"column":42},"end":{"line":36,"column":1}},"line":8},"1":{"name":"(anonymous_1)","decl":{"start":{"line":13,"column":35},"end":{"line":13,"column":36}},"loc":{"start":{"line":13,"column":62},"end":{"line":35,"column":5}},"line":13},"2":{"name":"(anonymous_2)","decl":{"start":{"line":25,"column":114},"end":{"line":25,"column":115}},"loc":{"start":{"line":25,"column":131},"end":{"line":34,"column":9}},"line":25}},"branchMap":{"0":{"loc":{"start":{"line":14,"column":8},"end":{"line":17,"column":9}},"type":"if","locations":[{"start":{"line":14,"column":8},"end":{"line":17,"column":9}},{"start":{},"end":{}}],"line":14},"1":{"loc":{"start":{"line":18,"column":8},"end":{"line":20,"column":9}},"type":"if","locations":[{"start":{"line":18,"column":8},"end":{"line":20,"column":9}},{"start":{},"end":{}}],"line":18},"2":{"loc":{"start":{"line":26,"column":12},"end":{"line":29,"column":13}},"type":"if","locations":[{"start":{"line":26,"column":12},"end":{"line":29,"column":13}},{"start":{},"end":{}}],"line":26}},"s":{"0":1,"1":1,"2":1,"3":1,"4":1,"5":1,"6":1,"7":7,"8":7,"9":7,"10":7,"11":0,"12":0,"13":7,"14":0,"15":7,"16":7,"17":7,"18":7,"19":7,"20":0,"21":1},"f":{"0":7,"1":7,"2":7},"b":{"0":[0,7],"1":[0,7],"2":[7,0]},"_coverageSchema":"1a1c01bbd47fc00a2c39e90264f33305004495a9","hash":"7a351a566a645407da76a6f75e81aef093b34096"}
,"/Users/osvaldomosso/Documents/GitHub/COSC-4353-Project/backend/routes/deleteEvent.js": {"path":"/Users/osvaldomosso/Documents/GitHub/COSC-4353-Project/backend/routes/deleteEvent.js","statementMap":{"0":{"start":{"line":1,"column":16},"end":{"line":1,"column":34}},"1":{"start":{"line":2,"column":15},"end":{"line":2,"column":31}},"2":{"start":{"line":3,"column":19},"end":{"line":3,"column":42}},"3":{"start":{"line":4,"column":11},"end":{"line":4,"column":34}},"4":{"start":{"line":6,"column":0},"end":{"line":16,"column":3}},"5":{"start":{"line":7,"column":15},"end":{"line":7,"column":28}},"6":{"start":{"line":8,"column":16},"end":{"line":8,"column":55}},"7":{"start":{"line":9,"column":4},"end":{"line":15,"column":6}},"8":{"start":{"line":10,"column":8},"end":{"line":13,"column":9}},"9":{"start":{"line":11,"column":12},"end":{"line":11,"column":55}},"10":{"start":{"line":12,"column":12},"end":{"line":12,"column":41}},"11":{"start":{"line":14,"column":8},"end":{"line":14,"column":39}},"12":{"start":{"line":18,"column":0},"end":{"line":18,"column":24}}},"fnMap":{"0":{"name":"(anonymous_0)","decl":{"start":{"line":6,"column":29},"end":{"line":6,"column":30}},"loc":{"start":{"line":6,"column":43},"end":{"line":16,"column":1}},"line":6},"1":{"name":"(anonymous_1)","decl":{"start":{"line":9,"column":24},"end":{"line":9,"column":25}},"loc":{"start":{"line":9,"column":33},"end":{"line":15,"column":5}},"line":9}},"branchMap":{"0":{"loc":{"start":{"line":10,"column":8},"end":{"line":13,"column":9}},"type":"if","locations":[{"start":{"line":10,"column":8},"end":{"line":13,"column":9}},{"start":{},"end":{}}],"line":10}},"s":{"0":1,"1":1,"2":1,"3":1,"4":1,"5":2,"6":2,"7":2,"8":3,"9":3,"10":3,"11":2,"12":1},"f":{"0":2,"1":3},"b":{"0":[3,0]},"_coverageSchema":"1a1c01bbd47fc00a2c39e90264f33305004495a9","hash":"79330df18a680b6fb0ee94e0a58979a7d0551714"}
,"/Users/osvaldomosso/Documents/GitHub/COSC-4353-Project/backend/routes/eventMatching.js": {"path":"/Users/osvaldomosso/Documents/GitHub/COSC-4353-Project/backend/routes/eventMatching.js","statementMap":{"0":{"start":{"line":1,"column":19},"end":{"line":20,"column":3}},"1":{"start":{"line":22,"column":27},"end":{"line":22,"column":29}},"2":{"start":{"line":23,"column":28},"end":{"line":23,"column":30}},"3":{"start":{"line":26,"column":26},"end":{"line":32,"column":3}},"4":{"start":{"line":27,"column":18},"end":{"line":27,"column":87}},"5":{"start":{"line":27,"column":51},"end":{"line":27,"column":86}},"6":{"start":{"line":28,"column":4},"end":{"line":30,"column":5}},"7":{"start":{"line":31,"column":4},"end":{"line":31,"column":17}},"8":{"start":{"line":34,"column":26},"end":{"line":36,"column":3}},"9":{"start":{"line":35,"column":4},"end":{"line":35,"column":32}},"10":{"start":{"line":38,"column":27},"end":{"line":40,"column":3}},"11":{"start":{"line":39,"column":4},"end":{"line":39,"column":33}},"12":{"start":{"line":42,"column":2},"end":{"line":46,"column":4}}},"fnMap":{"0":{"name":"(anonymous_0)","decl":{"start":{"line":26,"column":26},"end":{"line":26,"column":27}},"loc":{"start":{"line":26,"column":32},"end":{"line":32,"column":3}},"line":26},"1":{"name":"(anonymous_1)","decl":{"start":{"line":27,"column":42},"end":{"line":27,"column":43}},"loc":{"start":{"line":27,"column":51},"end":{"line":27,"column":86}},"line":27},"2":{"name":"(anonymous_2)","decl":{"start":{"line":34,"column":26},"end":{"line":34,"column":27}},"loc":{"start":{"line":34,"column":38},"end":{"line":36,"column":3}},"line":34},"3":{"name":"(anonymous_3)","decl":{"start":{"line":38,"column":27},"end":{"line":38,"column":28}},"loc":{"start":{"line":38,"column":39},"end":{"line":40,"column":3}},"line":38}},"branchMap":{"0":{"loc":{"start":{"line":28,"column":4},"end":{"line":30,"column":5}},"type":"if","locations":[{"start":{"line":28,"column":4},"end":{"line":30,"column":5}},{"start":{},"end":{}}],"line":28}},"s":{"0":1,"1":1,"2":1,"3":1,"4":0,"5":0,"6":0,"7":0,"8":1,"9":0,"10":1,"11":0,"12":1},"f":{"0":0,"1":0,"2":0,"3":0},"b":{"0":[0,0]},"_coverageSchema":"1a1c01bbd47fc00a2c39e90264f33305004495a9","hash":"eefebb09384e2eb0403e6a7612231dd40041ea26"}
,"/Users/osvaldomosso/Documents/GitHub/COSC-4353-Project/backend/routes/eventsData.js": {"path":"/Users/osvaldomosso/Documents/GitHub/COSC-4353-Project/backend/routes/eventsData.js","statementMap":{"0":{"start":{"line":2,"column":13},"end":{"line":2,"column":15}},"1":{"start":{"line":3,"column":15},"end":{"line":3,"column":16}},"2":{"start":{"line":6,"column":2},"end":{"line":6,"column":20}},"3":{"start":{"line":9,"column":0},"end":{"line":12,"column":2}}},"fnMap":{"0":{"name":"incrementEventsId","decl":{"start":{"line":5,"column":9},"end":{"line":5,"column":26}},"loc":{"start":{"line":5,"column":29},"end":{"line":7,"column":1}},"line":5}},"branchMap":{},"s":{"0":1,"1":1,"2":0,"3":1},"f":{"0":0},"b":{},"_coverageSchema":"1a1c01bbd47fc00a2c39e90264f33305004495a9","hash":"31f42d5418599842d20103cadcb573918bf15161"}
,"/Users/osvaldomosso/Documents/GitHub/COSC-4353-Project/backend/routes/getEvent.js": {"path":"/Users/osvaldomosso/Documents/GitHub/COSC-4353-Project/backend/routes/getEvent.js","statementMap":{"0":{"start":{"line":1,"column":16},"end":{"line":1,"column":34}},"1":{"start":{"line":2,"column":15},"end":{"line":2,"column":31}},"2":{"start":{"line":3,"column":19},"end":{"line":3,"column":42}},"3":{"start":{"line":4,"column":11},"end":{"line":4,"column":35}},"4":{"start":{"line":7,"column":0},"end":{"line":16,"column":3}},"5":{"start":{"line":8,"column":16},"end":{"line":8,"column":38}},"6":{"start":{"line":9,"column":4},"end":{"line":15,"column":6}},"7":{"start":{"line":10,"column":8},"end":{"line":13,"column":9}},"8":{"start":{"line":11,"column":12},"end":{"line":11,"column":55}},"9":{"start":{"line":12,"column":12},"end":{"line":12,"column":72}},"10":{"start":{"line":14,"column":8},"end":{"line":14,"column":37}},"11":{"start":{"line":19,"column":0},"end":{"line":29,"column":3}},"12":{"start":{"line":20,"column":15},"end":{"line":20,"column":28}},"13":{"start":{"line":21,"column":16},"end":{"line":21,"column":57}},"14":{"start":{"line":22,"column":4},"end":{"line":28,"column":6}},"15":{"start":{"line":23,"column":8},"end":{"line":26,"column":9}},"16":{"start":{"line":24,"column":12},"end":{"line":24,"column":55}},"17":{"start":{"line":25,"column":12},"end":{"line":25,"column":72}},"18":{"start":{"line":27,"column":8},"end":{"line":27,"column":37}},"19":{"start":{"line":31,"column":0},"end":{"line":31,"column":24}}},"fnMap":{"0":{"name":"(anonymous_0)","decl":{"start":{"line":7,"column":22},"end":{"line":7,"column":23}},"loc":{"start":{"line":7,"column":36},"end":{"line":16,"column":1}},"line":7},"1":{"name":"(anonymous_1)","decl":{"start":{"line":9,"column":18},"end":{"line":9,"column":19}},"loc":{"start":{"line":9,"column":35},"end":{"line":15,"column":5}},"line":9},"2":{"name":"(anonymous_2)","decl":{"start":{"line":19,"column":26},"end":{"line":19,"column":27}},"loc":{"start":{"line":19,"column":40},"end":{"line":29,"column":1}},"line":19},"3":{"name":"(anonymous_3)","decl":{"start":{"line":22,"column":24},"end":{"line":22,"column":25}},"loc":{"start":{"line":22,"column":41},"end":{"line":28,"column":5}},"line":22}},"branchMap":{"0":{"loc":{"start":{"line":10,"column":8},"end":{"line":13,"column":9}},"type":"if","locations":[{"start":{"line":10,"column":8},"end":{"line":13,"column":9}},{"start":{},"end":{}}],"line":10},"1":{"loc":{"start":{"line":23,"column":8},"end":{"line":26,"column":9}},"type":"if","locations":[{"start":{"line":23,"column":8},"end":{"line":26,"column":9}},{"start":{},"end":{}}],"line":23}},"s":{"0":1,"1":1,"2":1,"3":1,"4":1,"5":1,"6":1,"7":1,"8":0,"9":0,"10":1,"11":1,"12":3,"13":3,"14":3,"15":3,"16":0,"17":0,"18":3,"19":1},"f":{"0":1,"1":1,"2":3,"3":3},"b":{"0":[0,1],"1":[0,3]},"_coverageSchema":"1a1c01bbd47fc00a2c39e90264f33305004495a9","hash":"3796175ebf909d0f1dbeac829a7b89edd789d205"}
,"/Users/osvaldomosso/Documents/GitHub/COSC-4353-Project/backend/routes/updateEvent.js": {"path":"/Users/osvaldomosso/Documents/GitHub/COSC-4353-Project/backend/routes/updateEvent.js","statementMap":{"0":{"start":{"line":1,"column":16},"end":{"line":1,"column":34}},"1":{"start":{"line":2,"column":15},"end":{"line":2,"column":31}},"2":{"start":{"line":3,"column":14},"end":{"line":3,"column":30}},"3":{"start":{"line":4,"column":19},"end":{"line":4,"column":42}},"4":{"start":{"line":5,"column":11},"end":{"line":5,"column":34}},"5":{"start":{"line":8,"column":0},"end":{"line":20,"column":3}},"6":{"start":{"line":9,"column":18},"end":{"line":9,"column":41}},"7":{"start":{"line":11,"column":4},"end":{"line":11,"column":12}},"8":{"start":{"line":12,"column":14},"end":{"line":14,"column":23}},"9":{"start":{"line":15,"column":0},"end":{"line":19,"column":2}},"10":{"start":{"line":16,"column":4},"end":{"line":17,"column":45}},"11":{"start":{"line":17,"column":5},"end":{"line":17,"column":45}},"12":{"start":{"line":18,"column":4},"end":{"line":18,"column":48}},"13":{"start":{"line":22,"column":0},"end":{"line":22,"column":24}}},"fnMap":{"0":{"name":"(anonymous_0)","decl":{"start":{"line":8,"column":26},"end":{"line":8,"column":27}},"loc":{"start":{"line":8,"column":40},"end":{"line":20,"column":1}},"line":8},"1":{"name":"(anonymous_1)","decl":{"start":{"line":15,"column":92},"end":{"line":15,"column":93}},"loc":{"start":{"line":15,"column":101},"end":{"line":19,"column":1}},"line":15}},"branchMap":{"0":{"loc":{"start":{"line":16,"column":4},"end":{"line":17,"column":45}},"type":"if","locations":[{"start":{"line":16,"column":4},"end":{"line":17,"column":45}},{"start":{},"end":{}}],"line":16}},"s":{"0":1,"1":1,"2":1,"3":1,"4":1,"5":1,"6":0,"7":0,"8":0,"9":0,"10":0,"11":0,"12":0,"13":1},"f":{"0":0,"1":0},"b":{"0":[0,0]},"_coverageSchema":"1a1c01bbd47fc00a2c39e90264f33305004495a9","hash":"33003877f1e6796e18b2fbeb32197dca5d754697"}
}
