{"/Users/osvaldomosso/Documents/GitHub/COSC-4353-Project/backend/config/dj.js": {"path":"/Users/osvaldomosso/Documents/GitHub/COSC-4353-Project/backend/config/dj.js","statementMap":{"0":{"start":{"line":1,"column":14},"end":{"line":1,"column":31}},"1":{"start":{"line":3,"column":11},"end":{"line":12,"column":2}},"2":{"start":{"line":14,"column":0},"end":{"line":20,"column":3}},"3":{"start":{"line":15,"column":4},"end":{"line":18,"column":5}},"4":{"start":{"line":16,"column":8},"end":{"line":16,"column":70}},"5":{"start":{"line":17,"column":8},"end":{"line":17,"column":15}},"6":{"start":{"line":19,"column":4},"end":{"line":19,"column":34}},"7":{"start":{"line":23,"column":0},"end":{"line":23,"column":20}}},"fnMap":{"0":{"name":"(anonymous_0)","decl":{"start":{"line":14,"column":11},"end":{"line":14,"column":12}},"loc":{"start":{"line":14,"column":20},"end":{"line":20,"column":1}},"line":14}},"branchMap":{"0":{"loc":{"start":{"line":15,"column":4},"end":{"line":18,"column":5}},"type":"if","locations":[{"start":{"line":15,"column":4},"end":{"line":18,"column":5}},{"start":{},"end":{}}],"line":15}},"s":{"0":1,"1":1,"2":1,"3":1,"4":0,"5":0,"6":1,"7":1},"f":{"0":1},"b":{"0":[0,1]},"_coverageSchema":"1a1c01bbd47fc00a2c39e90264f33305004495a9","hash":"dc96fc4f501ccae6497496928892e74c05ceb008"}
,"/Users/osvaldomosso/Documents/GitHub/COSC-4353-Project/backend/routes/createEvent.js": {"path":"/Users/osvaldomosso/Documents/GitHub/COSC-4353-Project/backend/routes/createEvent.js","statementMap":{"0":{"start":{"line":1,"column":16},"end":{"line":1,"column":34}},"1":{"start":{"line":2,"column":15},"end":{"line":2,"column":31}},"2":{"start":{"line":3,"column":14},"end":{"line":3,"column":30}},"3":{"start":{"line":4,"column":38},"end":{"line":4,"column":61}},"4":{"start":{"line":5,"column":28},"end":{"line":5,"column":54}},"5":{"start":{"line":6,"column":11},"end":{"line":6,"column":34}},"6":{"start":{"line":8,"column":0},"end":{"line":75,"column":3}},"7":{"start":{"line":9,"column":98},"end":{"line":9,"column":106}},"8":{"start":{"line":10,"column":24},"end":{"line":10,"column":83}},"9":{"start":{"line":13,"column":4},"end":{"line":17,"column":5}},"10":{"start":{"line":14,"column":8},"end":{"line":16,"column":11}},"11":{"start":{"line":20,"column":4},"end":{"line":24,"column":5}},"12":{"start":{"line":21,"column":8},"end":{"line":23,"column":11}},"13":{"start":{"line":26,"column":30},"end":{"line":26,"column":79}},"14":{"start":{"line":27,"column":8},"end":{"line":31,"column":9}},"15":{"start":{"line":28,"column":12},"end":{"line":30,"column":15}},"16":{"start":{"line":34,"column":24},"end":{"line":34,"column":62}},"17":{"start":{"line":36,"column":4},"end":{"line":74,"column":7}},"18":{"start":{"line":37,"column":8},"end":{"line":40,"column":9}},"19":{"start":{"line":38,"column":12},"end":{"line":38,"column":67}},"20":{"start":{"line":39,"column":12},"end":{"line":39,"column":84}},"21":{"start":{"line":41,"column":8},"end":{"line":43,"column":9}},"22":{"start":{"line":42,"column":12},"end":{"line":42,"column":73}},"23":{"start":{"line":45,"column":26},"end":{"line":46,"column":62}},"24":{"start":{"line":48,"column":8},"end":{"line":73,"column":11}},"25":{"start":{"line":49,"column":12},"end":{"line":52,"column":13}},"26":{"start":{"line":50,"column":16},"end":{"line":50,"column":65}},"27":{"start":{"line":51,"column":16},"end":{"line":51,"column":94}},"28":{"start":{"line":54,"column":28},"end":{"line":54,"column":43}},"29":{"start":{"line":55,"column":29},"end":{"line":55,"column":54}},"30":{"start":{"line":56,"column":12},"end":{"line":67,"column":15}},"31":{"start":{"line":57,"column":16},"end":{"line":60,"column":17}},"32":{"start":{"line":58,"column":20},"end":{"line":58,"column":71}},"33":{"start":{"line":59,"column":20},"end":{"line":59,"column":27}},"34":{"start":{"line":61,"column":16},"end":{"line":66,"column":17}},"35":{"start":{"line":62,"column":39},"end":{"line":62,"column":82}},"36":{"start":{"line":63,"column":20},"end":{"line":65,"column":21}},"37":{"start":{"line":64,"column":24},"end":{"line":64,"column":97}},"38":{"start":{"line":69,"column":12},"end":{"line":72,"column":15}},"39":{"start":{"line":159,"column":0},"end":{"line":159,"column":24}}},"fnMap":{"0":{"name":"(anonymous_0)","decl":{"start":{"line":8,"column":28},"end":{"line":8,"column":29}},"loc":{"start":{"line":8,"column":42},"end":{"line":75,"column":1}},"line":8},"1":{"name":"(anonymous_1)","decl":{"start":{"line":36,"column":35},"end":{"line":36,"column":36}},"loc":{"start":{"line":36,"column":62},"end":{"line":74,"column":5}},"line":36},"2":{"name":"(anonymous_2)","decl":{"start":{"line":48,"column":119},"end":{"line":48,"column":120}},"loc":{"start":{"line":48,"column":136},"end":{"line":73,"column":9}},"line":48},"3":{"name":"(anonymous_3)","decl":{"start":{"line":56,"column":31},"end":{"line":56,"column":32}},"loc":{"start":{"line":56,"column":62},"end":{"line":67,"column":13}},"line":56}},"branchMap":{"0":{"loc":{"start":{"line":10,"column":24},"end":{"line":10,"column":83}},"type":"cond-expr","locations":[{"start":{"line":10,"column":52},"end":{"line":10,"column":76}},{"start":{"line":10,"column":79},"end":{"line":10,"column":83}}],"line":10},"1":{"loc":{"start":{"line":13,"column":4},"end":{"line":17,"column":5}},"type":"if","locations":[{"start":{"line":13,"column":4},"end":{"line":17,"column":5}},{"start":{},"end":{}}],"line":13},"2":{"loc":{"start":{"line":13,"column":8},"end":{"line":13,"column":65}},"type":"binary-expr","locations":[{"start":{"line":13,"column":8},"end":{"line":13,"column":14}},{"start":{"line":13,"column":18},"end":{"line":13,"column":43}},{"start":{"line":13,"column":47},"end":{"line":13,"column":65}}],"line":13},"3":{"loc":{"start":{"line":20,"column":4},"end":{"line":24,"column":5}},"type":"if","locations":[{"start":{"line":20,"column":4},"end":{"line":24,"column":5}},{"start":{},"end":{}}],"line":20},"4":{"loc":{"start":{"line":20,"column":8},"end":{"line":20,"column":55}},"type":"binary-expr","locations":[{"start":{"line":20,"column":8},"end":{"line":20,"column":20}},{"start":{"line":20,"column":24},"end":{"line":20,"column":55}}],"line":20},"5":{"loc":{"start":{"line":27,"column":8},"end":{"line":31,"column":9}},"type":"if","locations":[{"start":{"line":27,"column":8},"end":{"line":31,"column":9}},{"start":{},"end":{}}],"line":27},"6":{"loc":{"start":{"line":27,"column":12},"end":{"line":27,"column":86}},"type":"binary-expr","locations":[{"start":{"line":27,"column":12},"end":{"line":27,"column":21}},{"start":{"line":27,"column":25},"end":{"line":27,"column":53}},{"start":{"line":27,"column":57},"end":{"line":27,"column":86}}],"line":27},"7":{"loc":{"start":{"line":37,"column":8},"end":{"line":40,"column":9}},"type":"if","locations":[{"start":{"line":37,"column":8},"end":{"line":40,"column":9}},{"start":{},"end":{}}],"line":37},"8":{"loc":{"start":{"line":41,"column":8},"end":{"line":43,"column":9}},"type":"if","locations":[{"start":{"line":41,"column":8},"end":{"line":43,"column":9}},{"start":{},"end":{}}],"line":41},"9":{"loc":{"start":{"line":49,"column":12},"end":{"line":52,"column":13}},"type":"if","locations":[{"start":{"line":49,"column":12},"end":{"line":52,"column":13}},{"start":{},"end":{}}],"line":49},"10":{"loc":{"start":{"line":57,"column":16},"end":{"line":60,"column":17}},"type":"if","locations":[{"start":{"line":57,"column":16},"end":{"line":60,"column":17}},{"start":{},"end":{}}],"line":57},"11":{"loc":{"start":{"line":63,"column":20},"end":{"line":65,"column":21}},"type":"if","locations":[{"start":{"line":63,"column":20},"end":{"line":65,"column":21}},{"start":{},"end":{}}],"line":63}},"s":{"0":1,"1":1,"2":1,"3":1,"4":1,"5":1,"6":1,"7":7,"8":7,"9":7,"10":2,"11":5,"12":1,"13":4,"14":4,"15":1,"16":3,"17":3,"18":3,"19":0,"20":0,"21":3,"22":0,"23":3,"24":3,"25":3,"26":3,"27":3,"28":0,"29":0,"30":0,"31":0,"32":0,"33":0,"34":0,"35":0,"36":0,"37":0,"38":0,"39":1},"f":{"0":7,"1":3,"2":3,"3":0},"b":{"0":[0,7],"1":[2,5],"2":[7,6,6],"3":[1,4],"4":[5,4],"5":[1,3],"6":[4,4,4],"7":[0,3],"8":[0,3],"9":[3,0],"10":[0,0],"11":[0,0]},"_coverageSchema":"1a1c01bbd47fc00a2c39e90264f33305004495a9","hash":"7094d3bd5a9da44ac5ff2ad99ece23a16a472fbf"}
,"/Users/osvaldomosso/Documents/GitHub/COSC-4353-Project/backend/routes/deleteEvent.js": {"path":"/Users/osvaldomosso/Documents/GitHub/COSC-4353-Project/backend/routes/deleteEvent.js","statementMap":{"0":{"start":{"line":1,"column":16},"end":{"line":1,"column":34}},"1":{"start":{"line":2,"column":15},"end":{"line":2,"column":31}},"2":{"start":{"line":3,"column":19},"end":{"line":3,"column":42}},"3":{"start":{"line":4,"column":11},"end":{"line":4,"column":34}},"4":{"start":{"line":6,"column":0},"end":{"line":26,"column":3}},"5":{"start":{"line":7,"column":15},"end":{"line":7,"column":28}},"6":{"start":{"line":9,"column":35},"end":{"line":9,"column":82}},"7":{"start":{"line":10,"column":4},"end":{"line":25,"column":7}},"8":{"start":{"line":11,"column":8},"end":{"line":14,"column":9}},"9":{"start":{"line":12,"column":12},"end":{"line":12,"column":72}},"10":{"start":{"line":13,"column":12},"end":{"line":13,"column":80}},"11":{"start":{"line":17,"column":16},"end":{"line":17,"column":55}},"12":{"start":{"line":18,"column":4},"end":{"line":24,"column":6}},"13":{"start":{"line":19,"column":8},"end":{"line":22,"column":9}},"14":{"start":{"line":20,"column":12},"end":{"line":20,"column":55}},"15":{"start":{"line":21,"column":12},"end":{"line":21,"column":41}},"16":{"start":{"line":23,"column":8},"end":{"line":23,"column":39}},"17":{"start":{"line":28,"column":0},"end":{"line":28,"column":24}}},"fnMap":{"0":{"name":"(anonymous_0)","decl":{"start":{"line":6,"column":29},"end":{"line":6,"column":30}},"loc":{"start":{"line":6,"column":43},"end":{"line":26,"column":1}},"line":6},"1":{"name":"(anonymous_1)","decl":{"start":{"line":10,"column":43},"end":{"line":10,"column":44}},"loc":{"start":{"line":10,"column":52},"end":{"line":25,"column":5}},"line":10},"2":{"name":"(anonymous_2)","decl":{"start":{"line":18,"column":24},"end":{"line":18,"column":25}},"loc":{"start":{"line":18,"column":33},"end":{"line":24,"column":5}},"line":18}},"branchMap":{"0":{"loc":{"start":{"line":11,"column":8},"end":{"line":14,"column":9}},"type":"if","locations":[{"start":{"line":11,"column":8},"end":{"line":14,"column":9}},{"start":{},"end":{}}],"line":11},"1":{"loc":{"start":{"line":19,"column":8},"end":{"line":22,"column":9}},"type":"if","locations":[{"start":{"line":19,"column":8},"end":{"line":22,"column":9}},{"start":{},"end":{}}],"line":19}},"s":{"0":1,"1":1,"2":1,"3":1,"4":1,"5":2,"6":2,"7":2,"8":2,"9":1,"10":1,"11":1,"12":1,"13":1,"14":0,"15":0,"16":1,"17":1},"f":{"0":2,"1":2,"2":1},"b":{"0":[1,1],"1":[0,1]},"_coverageSchema":"1a1c01bbd47fc00a2c39e90264f33305004495a9","hash":"ef1c3502932a1d20e328114cd95f60731976cb6b"}
,"/Users/osvaldomosso/Documents/GitHub/COSC-4353-Project/backend/routes/eventMatching.js": {"path":"/Users/osvaldomosso/Documents/GitHub/COSC-4353-Project/backend/routes/eventMatching.js","statementMap":{"0":{"start":{"line":1,"column":11},"end":{"line":1,"column":34}},"1":{"start":{"line":3,"column":24},"end":{"line":18,"column":1}},"2":{"start":{"line":4,"column":2},"end":{"line":17,"column":5}},"3":{"start":{"line":5,"column":16},"end":{"line":5,"column":66}},"4":{"start":{"line":6,"column":4},"end":{"line":16,"column":7}},"5":{"start":{"line":7,"column":6},"end":{"line":9,"column":7}},"6":{"start":{"line":8,"column":8},"end":{"line":8,"column":27}},"7":{"start":{"line":10,"column":6},"end":{"line":15,"column":7}},"8":{"start":{"line":11,"column":23},"end":{"line":11,"column":85}},"9":{"start":{"line":11,"column":72},"end":{"line":11,"column":84}},"10":{"start":{"line":12,"column":8},"end":{"line":12,"column":24}},"11":{"start":{"line":14,"column":8},"end":{"line":14,"column":20}},"12":{"start":{"line":20,"column":25},"end":{"line":35,"column":1}},"13":{"start":{"line":21,"column":2},"end":{"line":34,"column":5}},"14":{"start":{"line":22,"column":16},"end":{"line":22,"column":62}},"15":{"start":{"line":23,"column":4},"end":{"line":33,"column":7}},"16":{"start":{"line":24,"column":6},"end":{"line":26,"column":7}},"17":{"start":{"line":25,"column":8},"end":{"line":25,"column":27}},"18":{"start":{"line":27,"column":6},"end":{"line":32,"column":7}},"19":{"start":{"line":28,"column":23},"end":{"line":28,"column":77}},"20":{"start":{"line":28,"column":64},"end":{"line":28,"column":76}},"21":{"start":{"line":29,"column":8},"end":{"line":29,"column":24}},"22":{"start":{"line":31,"column":8},"end":{"line":31,"column":20}},"23":{"start":{"line":37,"column":24},"end":{"line":56,"column":1}},"24":{"start":{"line":38,"column":2},"end":{"line":55,"column":3}},"25":{"start":{"line":39,"column":23},"end":{"line":39,"column":52}},"26":{"start":{"line":40,"column":24},"end":{"line":40,"column":55}},"27":{"start":{"line":42,"column":4},"end":{"line":42,"column":44}},"28":{"start":{"line":43,"column":4},"end":{"line":43,"column":46}},"29":{"start":{"line":45,"column":18},"end":{"line":45,"column":71}},"30":{"start":{"line":45,"column":43},"end":{"line":45,"column":70}},"31":{"start":{"line":46,"column":4},"end":{"line":50,"column":5}},"32":{"start":{"line":47,"column":6},"end":{"line":47,"column":34}},"33":{"start":{"line":49,"column":6},"end":{"line":49,"column":37}},"34":{"start":{"line":51,"column":4},"end":{"line":51,"column":17}},"35":{"start":{"line":53,"column":4},"end":{"line":53,"column":56}},"36":{"start":{"line":54,"column":4},"end":{"line":54,"column":17}},"37":{"start":{"line":58,"column":0},"end":{"line":62,"column":2}}},"fnMap":{"0":{"name":"(anonymous_0)","decl":{"start":{"line":3,"column":24},"end":{"line":3,"column":25}},"loc":{"start":{"line":3,"column":36},"end":{"line":18,"column":1}},"line":3},"1":{"name":"(anonymous_1)","decl":{"start":{"line":4,"column":21},"end":{"line":4,"column":22}},"loc":{"start":{"line":4,"column":42},"end":{"line":17,"column":3}},"line":4},"2":{"name":"(anonymous_2)","decl":{"start":{"line":6,"column":28},"end":{"line":6,"column":29}},"loc":{"start":{"line":6,"column":45},"end":{"line":16,"column":5}},"line":6},"3":{"name":"(anonymous_3)","decl":{"start":{"line":11,"column":63},"end":{"line":11,"column":64}},"loc":{"start":{"line":11,"column":72},"end":{"line":11,"column":84}},"line":11},"4":{"name":"(anonymous_4)","decl":{"start":{"line":20,"column":25},"end":{"line":20,"column":26}},"loc":{"start":{"line":20,"column":38},"end":{"line":35,"column":1}},"line":20},"5":{"name":"(anonymous_5)","decl":{"start":{"line":21,"column":21},"end":{"line":21,"column":22}},"loc":{"start":{"line":21,"column":42},"end":{"line":34,"column":3}},"line":21},"6":{"name":"(anonymous_6)","decl":{"start":{"line":23,"column":29},"end":{"line":23,"column":30}},"loc":{"start":{"line":23,"column":46},"end":{"line":33,"column":5}},"line":23},"7":{"name":"(anonymous_7)","decl":{"start":{"line":28,"column":55},"end":{"line":28,"column":56}},"loc":{"start":{"line":28,"column":64},"end":{"line":28,"column":76}},"line":28},"8":{"name":"(anonymous_8)","decl":{"start":{"line":37,"column":24},"end":{"line":37,"column":25}},"loc":{"start":{"line":37,"column":51},"end":{"line":56,"column":1}},"line":37},"9":{"name":"(anonymous_9)","decl":{"start":{"line":45,"column":34},"end":{"line":45,"column":35}},"loc":{"start":{"line":45,"column":43},"end":{"line":45,"column":70}},"line":45}},"branchMap":{"0":{"loc":{"start":{"line":7,"column":6},"end":{"line":9,"column":7}},"type":"if","locations":[{"start":{"line":7,"column":6},"end":{"line":9,"column":7}},{"start":{},"end":{}}],"line":7},"1":{"loc":{"start":{"line":10,"column":6},"end":{"line":15,"column":7}},"type":"if","locations":[{"start":{"line":10,"column":6},"end":{"line":15,"column":7}},{"start":{"line":13,"column":13},"end":{"line":15,"column":7}}],"line":10},"2":{"loc":{"start":{"line":24,"column":6},"end":{"line":26,"column":7}},"type":"if","locations":[{"start":{"line":24,"column":6},"end":{"line":26,"column":7}},{"start":{},"end":{}}],"line":24},"3":{"loc":{"start":{"line":27,"column":6},"end":{"line":32,"column":7}},"type":"if","locations":[{"start":{"line":27,"column":6},"end":{"line":32,"column":7}},{"start":{"line":30,"column":13},"end":{"line":32,"column":7}}],"line":27},"4":{"loc":{"start":{"line":46,"column":4},"end":{"line":50,"column":5}},"type":"if","locations":[{"start":{"line":46,"column":4},"end":{"line":50,"column":5}},{"start":{"line":48,"column":11},"end":{"line":50,"column":5}}],"line":46}},"s":{"0":1,"1":1,"2":0,"3":0,"4":0,"5":0,"6":0,"7":0,"8":0,"9":0,"10":0,"11":0,"12":1,"13":0,"14":0,"15":0,"16":0,"17":0,"18":0,"19":0,"20":0,"21":0,"22":0,"23":1,"24":0,"25":0,"26":0,"27":0,"28":0,"29":0,"30":0,"31":0,"32":0,"33":0,"34":0,"35":0,"36":0,"37":1},"f":{"0":0,"1":0,"2":0,"3":0,"4":0,"5":0,"6":0,"7":0,"8":0,"9":0},"b":{"0":[0,0],"1":[0,0],"2":[0,0],"3":[0,0],"4":[0,0]},"_coverageSchema":"1a1c01bbd47fc00a2c39e90264f33305004495a9","hash":"863880e7a78a4c75c8b656d810ad9984382c4c5e"}
,"/Users/osvaldomosso/Documents/GitHub/COSC-4353-Project/backend/routes/eventsData.js": {"path":"/Users/osvaldomosso/Documents/GitHub/COSC-4353-Project/backend/routes/eventsData.js","statementMap":{"0":{"start":{"line":2,"column":13},"end":{"line":2,"column":15}},"1":{"start":{"line":3,"column":15},"end":{"line":3,"column":16}},"2":{"start":{"line":6,"column":2},"end":{"line":6,"column":20}},"3":{"start":{"line":9,"column":0},"end":{"line":12,"column":2}}},"fnMap":{"0":{"name":"incrementEventsId","decl":{"start":{"line":5,"column":9},"end":{"line":5,"column":26}},"loc":{"start":{"line":5,"column":29},"end":{"line":7,"column":1}},"line":5}},"branchMap":{},"s":{"0":1,"1":1,"2":0,"3":1},"f":{"0":0},"b":{},"_coverageSchema":"1a1c01bbd47fc00a2c39e90264f33305004495a9","hash":"31f42d5418599842d20103cadcb573918bf15161"}
,"/Users/osvaldomosso/Documents/GitHub/COSC-4353-Project/backend/routes/getEvent.js": {"path":"/Users/osvaldomosso/Documents/GitHub/COSC-4353-Project/backend/routes/getEvent.js","statementMap":{"0":{"start":{"line":1,"column":16},"end":{"line":1,"column":34}},"1":{"start":{"line":2,"column":15},"end":{"line":2,"column":31}},"2":{"start":{"line":3,"column":19},"end":{"line":3,"column":42}},"3":{"start":{"line":4,"column":11},"end":{"line":4,"column":35}},"4":{"start":{"line":7,"column":0},"end":{"line":16,"column":3}},"5":{"start":{"line":8,"column":16},"end":{"line":8,"column":38}},"6":{"start":{"line":9,"column":4},"end":{"line":15,"column":6}},"7":{"start":{"line":10,"column":8},"end":{"line":13,"column":9}},"8":{"start":{"line":11,"column":12},"end":{"line":11,"column":55}},"9":{"start":{"line":12,"column":12},"end":{"line":12,"column":72}},"10":{"start":{"line":14,"column":8},"end":{"line":14,"column":37}},"11":{"start":{"line":19,"column":0},"end":{"line":29,"column":3}},"12":{"start":{"line":20,"column":15},"end":{"line":20,"column":28}},"13":{"start":{"line":21,"column":16},"end":{"line":21,"column":57}},"14":{"start":{"line":22,"column":4},"end":{"line":28,"column":6}},"15":{"start":{"line":23,"column":8},"end":{"line":26,"column":9}},"16":{"start":{"line":24,"column":12},"end":{"line":24,"column":55}},"17":{"start":{"line":25,"column":12},"end":{"line":25,"column":72}},"18":{"start":{"line":27,"column":8},"end":{"line":27,"column":37}},"19":{"start":{"line":31,"column":0},"end":{"line":31,"column":24}}},"fnMap":{"0":{"name":"(anonymous_0)","decl":{"start":{"line":7,"column":22},"end":{"line":7,"column":23}},"loc":{"start":{"line":7,"column":36},"end":{"line":16,"column":1}},"line":7},"1":{"name":"(anonymous_1)","decl":{"start":{"line":9,"column":18},"end":{"line":9,"column":19}},"loc":{"start":{"line":9,"column":35},"end":{"line":15,"column":5}},"line":9},"2":{"name":"(anonymous_2)","decl":{"start":{"line":19,"column":26},"end":{"line":19,"column":27}},"loc":{"start":{"line":19,"column":40},"end":{"line":29,"column":1}},"line":19},"3":{"name":"(anonymous_3)","decl":{"start":{"line":22,"column":24},"end":{"line":22,"column":25}},"loc":{"start":{"line":22,"column":41},"end":{"line":28,"column":5}},"line":22}},"branchMap":{"0":{"loc":{"start":{"line":10,"column":8},"end":{"line":13,"column":9}},"type":"if","locations":[{"start":{"line":10,"column":8},"end":{"line":13,"column":9}},{"start":{},"end":{}}],"line":10},"1":{"loc":{"start":{"line":23,"column":8},"end":{"line":26,"column":9}},"type":"if","locations":[{"start":{"line":23,"column":8},"end":{"line":26,"column":9}},{"start":{},"end":{}}],"line":23}},"s":{"0":1,"1":1,"2":1,"3":1,"4":1,"5":1,"6":1,"7":1,"8":0,"9":0,"10":1,"11":1,"12":3,"13":3,"14":3,"15":3,"16":0,"17":0,"18":3,"19":1},"f":{"0":1,"1":1,"2":3,"3":3},"b":{"0":[0,1],"1":[0,3]},"_coverageSchema":"1a1c01bbd47fc00a2c39e90264f33305004495a9","hash":"3796175ebf909d0f1dbeac829a7b89edd789d205"}
,"/Users/osvaldomosso/Documents/GitHub/COSC-4353-Project/backend/routes/updateEvent.js": {"path":"/Users/osvaldomosso/Documents/GitHub/COSC-4353-Project/backend/routes/updateEvent.js","statementMap":{"0":{"start":{"line":1,"column":16},"end":{"line":1,"column":34}},"1":{"start":{"line":2,"column":15},"end":{"line":2,"column":31}},"2":{"start":{"line":3,"column":14},"end":{"line":3,"column":30}},"3":{"start":{"line":4,"column":19},"end":{"line":4,"column":42}},"4":{"start":{"line":5,"column":11},"end":{"line":5,"column":34}},"5":{"start":{"line":8,"column":0},"end":{"line":20,"column":3}},"6":{"start":{"line":9,"column":18},"end":{"line":9,"column":41}},"7":{"start":{"line":11,"column":4},"end":{"line":11,"column":12}},"8":{"start":{"line":12,"column":14},"end":{"line":14,"column":23}},"9":{"start":{"line":15,"column":0},"end":{"line":19,"column":2}},"10":{"start":{"line":16,"column":4},"end":{"line":17,"column":45}},"11":{"start":{"line":17,"column":5},"end":{"line":17,"column":45}},"12":{"start":{"line":18,"column":4},"end":{"line":18,"column":48}},"13":{"start":{"line":22,"column":0},"end":{"line":22,"column":24}}},"fnMap":{"0":{"name":"(anonymous_0)","decl":{"start":{"line":8,"column":26},"end":{"line":8,"column":27}},"loc":{"start":{"line":8,"column":40},"end":{"line":20,"column":1}},"line":8},"1":{"name":"(anonymous_1)","decl":{"start":{"line":15,"column":92},"end":{"line":15,"column":93}},"loc":{"start":{"line":15,"column":101},"end":{"line":19,"column":1}},"line":15}},"branchMap":{"0":{"loc":{"start":{"line":16,"column":4},"end":{"line":17,"column":45}},"type":"if","locations":[{"start":{"line":16,"column":4},"end":{"line":17,"column":45}},{"start":{},"end":{}}],"line":16}},"s":{"0":1,"1":1,"2":1,"3":1,"4":1,"5":1,"6":0,"7":0,"8":0,"9":0,"10":0,"11":0,"12":0,"13":1},"f":{"0":0,"1":0},"b":{"0":[0,0]},"_coverageSchema":"1a1c01bbd47fc00a2c39e90264f33305004495a9","hash":"33003877f1e6796e18b2fbeb32197dca5d754697"}
}
