TN:
SF:routes/createEvent.js
FN:7,(anonymous_0)
FNF:1
FNH:1
FNDA:7,(anonymous_0)
DA:1,1
DA:2,1
DA:3,1
DA:4,1
DA:5,1
DA:7,1
DA:8,7
DA:10,7
DA:12,7
DA:14,0
DA:15,0
DA:19,7
DA:20,2
DA:26,5
DA:27,1
DA:33,4
DA:34,1
DA:40,3
DA:42,1
DA:48,2
DA:49,2
DA:50,1
DA:55,1
DA:57,1
DA:60,1
DA:63,1
DA:74,1
DA:76,1
DA:79,1
DA:84,1
DA:88,0
DA:89,0
DA:96,1
LF:33
LH:29
BRDA:19,0,0,2
BRDA:19,0,1,5
BRDA:19,1,0,7
BRDA:19,1,1,6
BRDA:19,1,2,6
BRDA:26,2,0,1
BRDA:26,2,1,4
BRDA:26,3,0,5
BRDA:26,3,1,4
BRDA:33,4,0,1
BRDA:33,4,1,3
BRDA:33,5,0,4
BRDA:33,5,1,4
BRDA:40,6,0,1
BRDA:40,6,1,2
BRDA:40,7,0,3
BRDA:40,7,1,3
BRDA:40,7,2,3
BRDA:40,7,3,2
BRDA:49,8,0,1
BRDA:49,8,1,1
BRDA:49,9,0,2
BRDA:49,9,1,2
BRDA:49,9,2,2
BRDA:80,10,0,0
BRDA:80,10,1,1
BRDA:84,11,0,0
BRDA:84,11,1,1
BRF:28
BRH:26
end_of_record
TN:
SF:routes/deleteEvent.js
FN:5,(anonymous_0)
FN:7,(anonymous_1)
FNF:2
FNH:2
FNDA:2,(anonymous_0)
FNDA:1,(anonymous_1)
DA:1,1
DA:2,1
DA:3,1
DA:5,1
DA:6,2
DA:7,2
DA:9,2
DA:10,1
DA:11,1
DA:12,1
DA:14,1
DA:18,1
LF:12
LH:12
BRDA:9,0,0,1
BRDA:9,0,1,1
BRF:2
BRH:2
end_of_record
TN:
SF:routes/eventMatching.js
FN:29,(anonymous_0)
FN:30,(anonymous_1)
FN:38,(anonymous_2)
FN:43,(anonymous_3)
FNF:4
FNH:2
FNDA:1,(anonymous_0)
FNDA:0,(anonymous_1)
FNDA:0,(anonymous_2)
FNDA:7,(anonymous_3)
DA:4,1
DA:25,1
DA:26,1
DA:29,1
DA:30,1
DA:31,1
DA:34,1
DA:38,1
DA:39,0
DA:43,1
DA:44,7
DA:47,1
LF:12
LH:11
BRDA:31,0,0,0
BRDA:31,0,1,1
BRF:2
BRH:1
end_of_record
TN:
SF:routes/eventsData.js
FN:4,incrementEventsId
FNF:1
FNH:1
FNDA:1,incrementEventsId
DA:1,1
DA:2,1
DA:5,1
DA:8,1
LF:4
LH:4
BRF:0
BRH:0
end_of_record
TN:
SF:routes/getEvent.js
FN:7,(anonymous_0)
FN:12,(anonymous_1)
FN:19,(anonymous_2)
FNF:3
FNH:3
FNDA:1,(anonymous_0)
FNDA:3,(anonymous_1)
FNDA:2,(anonymous_2)
DA:2,1
DA:3,1
DA:4,1
DA:7,1
DA:8,1
DA:12,1
DA:13,3
DA:15,3
DA:16,1
DA:19,2
DA:21,2
DA:22,1
DA:25,1
DA:28,1
LF:14
LH:14
BRDA:15,0,0,1
BRDA:15,0,1,2
BRDA:21,1,0,1
BRDA:21,1,1,1
BRF:4
BRH:4
end_of_record
TN:
SF:routes/updateEvent.js
FN:6,(anonymous_0)
FN:8,(anonymous_1)
FNF:2
FNH:2
FNDA:5,(anonymous_0)
FNDA:5,(anonymous_1)
DA:1,1
DA:2,1
DA:3,1
DA:4,1
DA:6,1
DA:7,5
DA:8,5
DA:10,5
DA:11,4
DA:13,4
DA:14,1
DA:17,3
DA:18,3
DA:19,1
DA:23,2
DA:24,2
DA:34,2
DA:36,2
DA:37,2
DA:38,0
DA:39,0
DA:40,0
DA:41,0
DA:42,0
DA:45,2
DA:46,2
DA:48,1
DA:52,1
LF:28
LH:23
BRDA:10,0,0,4
BRDA:10,0,1,1
BRDA:13,1,0,1
BRDA:13,1,1,3
BRDA:13,2,0,4
BRDA:13,2,1,3
BRDA:13,2,2,3
BRDA:18,3,0,1
BRDA:18,3,1,2
BRDA:18,4,0,3
BRDA:18,4,1,2
BRDA:26,5,0,2
BRDA:26,5,1,0
BRDA:27,6,0,2
BRDA:27,6,1,1
BRDA:28,7,0,2
BRDA:28,7,1,1
BRDA:29,8,0,2
BRDA:29,8,1,1
BRDA:30,9,0,2
BRDA:30,9,1,2
BRDA:31,10,0,2
BRDA:31,10,1,2
BRDA:37,11,0,0
BRDA:37,11,1,2
BRDA:37,12,0,2
BRDA:37,12,1,2
BRF:27
BRH:25
end_of_record
